{"level":"error","message":"le does not have an account, you must register.","timestamp":"5/3/2024, 10:25:55 PM"}
{"level":"error","message":"trapFinneseCult does not have an account, you must register.","timestamp":"5/3/2024, 10:28:24 PM"}
{"level":"error","message":"trapFinneseCult does not have an account, you must register.","timestamp":"5/3/2024, 10:31:45 PM"}
{"level":"error","message":"trapFinneseCult does not have an account, you must register.","timestamp":"5/3/2024, 10:31:49 PM"}
{"level":"error","message":"trapFinneseCult does not have an account, you must register.","timestamp":"5/3/2024, 10:32:41 PM"}
{"level":"error","message":"trapFinneseCult does not have an account, you must register.","timestamp":"5/3/2024, 10:32:52 PM"}
{"level":"error","message":"Authentication unsuccessful.","timestamp":"5/4/2024, 1:37:28 AM"}
{"level":"error","message":"Authentication unsuccessful.","timestamp":"5/4/2024, 1:38:06 AM"}
{"level":"error","message":"alek does not have an account, you must register.","timestamp":"5/4/2024, 2:02:44 AM"}
{"level":"error","message":"Authentication unsuccessful.","timestamp":"5/4/2024, 2:06:11 AM"}
{"level":"error","message":"Authentication unsuccessful.","timestamp":"5/4/2024, 2:09:14 AM"}
{"level":"error","message":"Authentication unsuccessful.","timestamp":"5/4/2024, 2:09:47 AM"}
{"level":"error","message":"Authentication unsuccessful.","timestamp":"5/4/2024, 2:11:39 AM"}
{"level":"error","message":"Authentication unsuccessful.","timestamp":"5/4/2024, 2:11:44 AM"}
{"level":"error","message":"Authentication unsuccessful.","timestamp":"5/4/2024, 2:20:12 AM"}
{"level":"error","message":"ale does not have an account, you must register.","timestamp":"5/4/2024, 2:20:29 AM"}
{"level":"error","message":"laei does not have an account, you must register.","timestamp":"5/4/2024, 2:20:56 AM"}
{"level":"error","message":"Authentication unsuccessful.","timestamp":"5/4/2024, 2:21:38 AM"}
{"level":"error","message":"fie does not have an account, you must register.","timestamp":"5/4/2024, 2:29:16 AM"}
{"level":"error","message":"fie does not have an account, you must register.","timestamp":"5/4/2024, 2:31:58 AM"}
{"level":"error","message":"fie does not have an account, you must register.","timestamp":"5/4/2024, 2:32:06 AM"}
{"level":"error","message":"Authentication unsuccessful.","timestamp":"5/4/2024, 2:37:45 AM"}
{"level":"error","message":"aewflj does not have an account, you must register.","timestamp":"5/4/2024, 2:37:57 AM"}
{"level":"error","message":"aewflj does not have an account, you must register.","timestamp":"5/4/2024, 2:37:58 AM"}
{"level":"error","message":"Leroy does not have an account, you must register.","timestamp":"5/4/2024, 5:33:19 PM"}
{"level":"error","message":"Authentication unsuccessful.","timestamp":"5/5/2024, 11:09:04 PM"}
